2025-09-17T19:28:27-03:00 [INFO] (codacy-cli-v2/cli-v2.go:27) Starting Codacy CLI version=1.0.0-main.356.sha.ee1b0e6 (ee1b0e6) built at 2025-09-04T15:20:51Z
2025-09-17T19:28:27-03:00 [INFO] (codacy-cli-v2/cmd/root.go:34) Executing CLI command args=[] command=init full_command=[/root/.cache/codacy/codacy-cli-v2/1.0.0-main.356.sha.ee1b0e6/codacy-cli-v2 init]
2025-09-17T19:28:48-03:00 [INFO] (codacy-cli-v2/cli-v2.go:27) Starting Codacy CLI version=1.0.0-main.356.sha.ee1b0e6 (ee1b0e6) built at 2025-09-04T15:20:51Z
2025-09-17T19:28:49-03:00 [INFO] (codacy-cli-v2/cmd/root.go:34) Executing CLI command command=analyze full_command=[/root/.cache/codacy/codacy-cli-v2/1.0.0-main.356.sha.ee1b0e6/codacy-cli-v2 analyze /mnt/d/Rede/Github/Park-dos-Lagos/website/.git/COMMIT_EDITMSG --format sarif] args=[/mnt/d/Rede/Github/Park-dos-Lagos/website/.git/COMMIT_EDITMSG]
2025-09-17T19:28:49-03:00 [INFO] (codacy-cli-v2/cmd/analyze.go:341) Config file found for tool tool=trivy toolConfigPath=.codacy/tools-configs/trivy.yaml
2025-09-17T19:28:50-03:00 [INFO] (codacy-cli-v2/cli-v2.go:27) Starting Codacy CLI version=1.0.0-main.356.sha.ee1b0e6 (ee1b0e6) built at 2025-09-04T15:20:51Z
2025-09-17T19:28:51-03:00 [INFO] (codacy-cli-v2/cmd/root.go:34) Executing CLI command command=install full_command=[/root/.cache/codacy/codacy-cli-v2/1.0.0-main.356.sha.ee1b0e6/codacy-cli-v2 install] args=[]
2025-09-17T19:28:52-03:00 [INFO] (codacy-cli-v2/cmd/install.go:72) All components are already installed
2025-09-17T19:28:53-03:00 [INFO] (codacy-cli-v2/cli-v2.go:27) Starting Codacy CLI version=1.0.0-main.356.sha.ee1b0e6 (ee1b0e6) built at 2025-09-04T15:20:51Z
2025-09-17T19:28:53-03:00 [INFO] (codacy-cli-v2/cmd/root.go:34) Executing CLI command command=discover full_command=[/root/.cache/codacy/codacy-cli-v2/1.0.0-main.356.sha.ee1b0e6/codacy-cli-v2 config discover d:/Rede/Github/Park-dos-Lagos/website/docs/README.md] args=[d:/Rede/Github/Park-dos-Lagos/website/docs/README.md]
2025-09-17T19:29:02-03:00 [INFO] (codacy-cli-v2/cmd/analyze.go:341) Config file found for tool tool=dartanalyzer toolConfigPath=.codacy/tools-configs/analysis_options.yaml
2025-09-17T19:29:06-03:00 [INFO] (codacy-cli-v2/cmd/analyze.go:341) Config file found for tool tool=eslint toolConfigPath=.codacy/tools-configs/eslint.config.mjs
2025-09-17T19:29:14-03:00 [INFO] (codacy-cli-v2/cmd/analyze.go:341) Config file found for tool tool=lizard toolConfigPath=.codacy/tools-configs/lizard.yaml
2025-09-17T19:29:16-03:00 [INFO] (codacy-cli-v2/cmd/analyze.go:341) Config file found for tool toolConfigPath=.codacy/tools-configs/ruleset.xml tool=pmd
2025-09-17T19:29:16-03:00 [DEBUG] (codacy-cli-v2/tools/pmdRunner.go:32) PMD binary path pmdBinary=/root/.cache/codacy/tools/pmd@7.11.0/pmd-bin-7.11.0/bin/pmd
2025-09-17T19:29:16-03:00 [DEBUG] (codacy-cli-v2/tools/pmdRunner.go:98) Setting up Java environment javaHome=/root/.cache/codacy/runtimes/jdk-17.0.10+7
2025-09-17T19:29:16-03:00 [DEBUG] (codacy-cli-v2/tools/pmdRunner.go:144) Updated environment variables javaHome=JAVA_HOME=/root/.cache/codacy/runtimes/jdk-17.0.10+7 path=PATH=/root/.cache/codacy/runtimes/jdk-17.0.10+7/bin:/usr/local/sbin:/usr/local/bin:/usr/sbin:/usr/bin:/sbin:/bin:/usr/games:/usr/local/games:/usr/lib/wsl/lib:/mnt/c/WINDOWS/system32:/mnt/c/WINDOWS:/mnt/c/WINDOWS/System32/Wbem:/mnt/c/WINDOWS/System32/WindowsPowerShell/v1.0/:/mnt/c/WINDOWS/System32/OpenSSH/:/mnt/c/Program Files/Git/cmd:/mnt/c/Users/mzfsh/AppData/Local/Microsoft/WindowsApps:/mnt/c/Users/mzfsh/AppData/Local/GitHubDesktop/bin:/mnt/c/Users/mzfsh/AppData/Local/Programs/Microsoft VS Code/bin:/mnt/c/Users/mzfsh/AppData/Local/Microsoft/WindowsApps binDir=/root/.cache/codacy/runtimes/jdk-17.0.10+7/bin javaBinary=/root/.cache/codacy/runtimes/jdk-17.0.10+7/bin/java
2025-09-17T19:29:16-03:00 [DEBUG] (codacy-cli-v2/tools/pmdRunner.go:160) Running PMD command command=/root/.cache/codacy/tools/pmd@7.11.0/pmd-bin-7.11.0/bin/pmd check --no-fail-on-violation -R .codacy/tools-configs/ruleset.xml -d /mnt/d/Rede/Github/Park-dos-Lagos/website/.git/COMMIT_EDITMSG -f sarif -r /tmp/codacy-analysis-3622880357/pmd.sarif
2025-09-17T19:29:31-03:00 [INFO] (codacy-cli-v2/cmd/analyze.go:341) Config file found for tool tool=pylint toolConfigPath=.codacy/tools-configs/pylint.rc
2025-09-17T19:29:35-03:00 [INFO] (codacy-cli-v2/cmd/analyze.go:341) Config file found for tool tool=revive toolConfigPath=.codacy/tools-configs/revive.toml
2025-09-17T19:29:35-03:00 [DEBUG] (codacy-cli-v2/tools/revive/reviveRunner.go:53) Running Revive command command=/root/.cache/codacy/tools/revive@1.7.0/revive -config .codacy/tools-configs/revive.toml -formatter sarif /mnt/d/Rede/Github/Park-dos-Lagos/website/.git/COMMIT_EDITMSG
2025-09-17T19:29:38-03:00 [INFO] (codacy-cli-v2/cmd/analyze.go:341) Config file found for tool tool=semgrep toolConfigPath=.codacy/tools-configs/semgrep.yaml
2025-09-18T09:39:10-03:00 [INFO] (codacy-cli-v2/cli-v2.go:27) Starting Codacy CLI version=1.0.0-main.356.sha.ee1b0e6 (ee1b0e6) built at 2025-09-04T15:20:51Z
2025-09-18T09:39:10-03:00 [INFO] (codacy-cli-v2/cmd/root.go:34) Executing CLI command command=discover full_command=[/root/.cache/codacy/codacy-cli-v2/1.0.0-main.356.sha.ee1b0e6/codacy-cli-v2 config discover d:/Rede/Github/Park-dos-Lagos/website/wp-content/themes/park-dos-lagos/custom.js] args=[d:/Rede/Github/Park-dos-Lagos/website/wp-content/themes/park-dos-lagos/custom.js]
2025-09-18T09:39:13-03:00 [INFO] (codacy-cli-v2/cli-v2.go:27) Starting Codacy CLI version=1.0.0-main.356.sha.ee1b0e6 (ee1b0e6) built at 2025-09-04T15:20:51Z
2025-09-18T09:39:13-03:00 [INFO] (codacy-cli-v2/cmd/root.go:34) Executing CLI command command=analyze full_command=[/root/.cache/codacy/codacy-cli-v2/1.0.0-main.356.sha.ee1b0e6/codacy-cli-v2 analyze /mnt/d/Rede/Github/Park-dos-Lagos/website/wp-content/themes/park-dos-lagos/custom.js --format sarif] args=[/mnt/d/Rede/Github/Park-dos-Lagos/website/wp-content/themes/park-dos-lagos/custom.js]
2025-09-18T09:39:14-03:00 [INFO] (codacy-cli-v2/cmd/analyze.go:341) Config file found for tool tool=trivy toolConfigPath=.codacy/tools-configs/trivy.yaml
2025-09-18T09:42:04-03:00 [INFO] (codacy-cli-v2/cmd/analyze.go:341) Config file found for tool tool=eslint toolConfigPath=.codacy/tools-configs/eslint.config.mjs
2025-09-18T09:42:09-03:00 [INFO] (codacy-cli-v2/cmd/analyze.go:341) Config file found for tool tool=lizard toolConfigPath=.codacy/tools-configs/lizard.yaml
2025-09-18T09:42:11-03:00 [INFO] (codacy-cli-v2/cmd/analyze.go:341) Config file found for tool tool=pmd toolConfigPath=.codacy/tools-configs/ruleset.xml
2025-09-18T09:42:11-03:00 [DEBUG] (codacy-cli-v2/tools/pmdRunner.go:32) PMD binary path pmdBinary=/root/.cache/codacy/tools/pmd@7.11.0/pmd-bin-7.11.0/bin/pmd
2025-09-18T09:42:11-03:00 [DEBUG] (codacy-cli-v2/tools/pmdRunner.go:98) Setting up Java environment javaHome=/root/.cache/codacy/runtimes/jdk-17.0.10+7
2025-09-18T09:42:11-03:00 [DEBUG] (codacy-cli-v2/tools/pmdRunner.go:144) Updated environment variables path=PATH=/root/.cache/codacy/runtimes/jdk-17.0.10+7/bin:/usr/local/sbin:/usr/local/bin:/usr/sbin:/usr/bin:/sbin:/bin:/usr/games:/usr/local/games:/usr/lib/wsl/lib:/mnt/c/WINDOWS/system32:/mnt/c/WINDOWS:/mnt/c/WINDOWS/System32/Wbem:/mnt/c/WINDOWS/System32/WindowsPowerShell/v1.0/:/mnt/c/WINDOWS/System32/OpenSSH/:/mnt/c/Program Files/Git/cmd:/mnt/c/Users/mzfsh/AppData/Local/Microsoft/WindowsApps:/mnt/c/Users/mzfsh/AppData/Local/GitHubDesktop/bin:/mnt/c/Users/mzfsh/AppData/Local/Programs/Microsoft VS Code/bin:/mnt/c/Users/mzfsh/AppData/Local/Microsoft/WindowsApps binDir=/root/.cache/codacy/runtimes/jdk-17.0.10+7/bin javaBinary=/root/.cache/codacy/runtimes/jdk-17.0.10+7/bin/java javaHome=JAVA_HOME=/root/.cache/codacy/runtimes/jdk-17.0.10+7
2025-09-18T09:42:11-03:00 [DEBUG] (codacy-cli-v2/tools/pmdRunner.go:160) Running PMD command command=/root/.cache/codacy/tools/pmd@7.11.0/pmd-bin-7.11.0/bin/pmd check --no-fail-on-violation -R .codacy/tools-configs/ruleset.xml -d /mnt/d/Rede/Github/Park-dos-Lagos/website/wp-content/themes/park-dos-lagos/custom.js -f sarif -r /tmp/codacy-analysis-1492439668/pmd.sarif
2025-09-18T09:42:22-03:00 [INFO] (codacy-cli-v2/cmd/analyze.go:341) Config file found for tool tool=semgrep toolConfigPath=.codacy/tools-configs/semgrep.yaml
2025-09-18T09:49:21-03:00 [INFO] (codacy-cli-v2/cli-v2.go:27) Starting Codacy CLI version=1.0.0-main.356.sha.ee1b0e6 (ee1b0e6) built at 2025-09-04T15:20:51Z
2025-09-18T09:49:21-03:00 [INFO] (codacy-cli-v2/cmd/root.go:34) Executing CLI command full_command=[/root/.cache/codacy/codacy-cli-v2/1.0.0-main.356.sha.ee1b0e6/codacy-cli-v2 analyze /mnt/d/Rede/Github/Park-dos-Lagos/website/wp-content/themes/park-dos-lagos/js/1758199760080-custom.js --format sarif] args=[/mnt/d/Rede/Github/Park-dos-Lagos/website/wp-content/themes/park-dos-lagos/js/1758199760080-custom.js] command=analyze
2025-09-18T09:49:21-03:00 [INFO] (codacy-cli-v2/cmd/analyze.go:341) Config file found for tool toolConfigPath=.codacy/tools-configs/lizard.yaml tool=lizard
2025-09-18T09:49:22-03:00 [INFO] (codacy-cli-v2/cmd/analyze.go:341) Config file found for tool tool=pmd toolConfigPath=.codacy/tools-configs/ruleset.xml
2025-09-18T09:49:22-03:00 [DEBUG] (codacy-cli-v2/tools/pmdRunner.go:32) PMD binary path pmdBinary=/root/.cache/codacy/tools/pmd@7.11.0/pmd-bin-7.11.0/bin/pmd
2025-09-18T09:49:22-03:00 [DEBUG] (codacy-cli-v2/tools/pmdRunner.go:98) Setting up Java environment javaHome=/root/.cache/codacy/runtimes/jdk-17.0.10+7
2025-09-18T09:49:22-03:00 [DEBUG] (codacy-cli-v2/tools/pmdRunner.go:144) Updated environment variables javaHome=JAVA_HOME=/root/.cache/codacy/runtimes/jdk-17.0.10+7 path=PATH=/root/.cache/codacy/runtimes/jdk-17.0.10+7/bin:/usr/local/sbin:/usr/local/bin:/usr/sbin:/usr/bin:/sbin:/bin:/usr/games:/usr/local/games:/usr/lib/wsl/lib:/mnt/c/WINDOWS/system32:/mnt/c/WINDOWS:/mnt/c/WINDOWS/System32/Wbem:/mnt/c/WINDOWS/System32/WindowsPowerShell/v1.0/:/mnt/c/WINDOWS/System32/OpenSSH/:/mnt/c/Program Files/Git/cmd:/mnt/c/Users/mzfsh/AppData/Local/Microsoft/WindowsApps:/mnt/c/Users/mzfsh/AppData/Local/GitHubDesktop/bin:/mnt/c/Users/mzfsh/AppData/Local/Programs/Microsoft VS Code/bin:/mnt/c/Users/mzfsh/AppData/Local/Microsoft/WindowsApps binDir=/root/.cache/codacy/runtimes/jdk-17.0.10+7/bin javaBinary=/root/.cache/codacy/runtimes/jdk-17.0.10+7/bin/java
2025-09-18T09:49:22-03:00 [DEBUG] (codacy-cli-v2/tools/pmdRunner.go:160) Running PMD command command=/root/.cache/codacy/tools/pmd@7.11.0/pmd-bin-7.11.0/bin/pmd check --no-fail-on-violation -R .codacy/tools-configs/ruleset.xml -d /mnt/d/Rede/Github/Park-dos-Lagos/website/wp-content/themes/park-dos-lagos/js/1758199760080-custom.js -f sarif -r /tmp/codacy-analysis-162043927/pmd.sarif
2025-09-18T09:49:31-03:00 [INFO] (codacy-cli-v2/cmd/analyze.go:341) Config file found for tool toolConfigPath=.codacy/tools-configs/semgrep.yaml tool=semgrep
2025-09-18T09:49:52-03:00 [INFO] (codacy-cli-v2/cmd/analyze.go:341) Config file found for tool tool=trivy toolConfigPath=.codacy/tools-configs/trivy.yaml
2025-09-18T09:50:08-03:00 [INFO] (codacy-cli-v2/cmd/analyze.go:341) Config file found for tool tool=eslint toolConfigPath=.codacy/tools-configs/eslint.config.mjs
2025-09-18T09:50:18-03:00 [INFO] (codacy-cli-v2/cli-v2.go:27) Starting Codacy CLI version=1.0.0-main.356.sha.ee1b0e6 (ee1b0e6) built at 2025-09-04T15:20:51Z
2025-09-18T09:50:20-03:00 [INFO] (codacy-cli-v2/cmd/root.go:34) Executing CLI command args=[/mnt/d/Rede/Github/Park-dos-Lagos/website/wp-content/themes/park-dos-lagos/js/read-more.js] command=analyze full_command=[/root/.cache/codacy/codacy-cli-v2/1.0.0-main.356.sha.ee1b0e6/codacy-cli-v2 analyze /mnt/d/Rede/Github/Park-dos-Lagos/website/wp-content/themes/park-dos-lagos/js/read-more.js --format sarif]
2025-09-18T09:50:21-03:00 [INFO] (codacy-cli-v2/cmd/analyze.go:341) Config file found for tool tool=lizard toolConfigPath=.codacy/tools-configs/lizard.yaml
2025-09-18T09:50:22-03:00 [INFO] (codacy-cli-v2/cmd/analyze.go:341) Config file found for tool tool=pmd toolConfigPath=.codacy/tools-configs/ruleset.xml
2025-09-18T09:50:22-03:00 [DEBUG] (codacy-cli-v2/tools/pmdRunner.go:32) PMD binary path pmdBinary=/root/.cache/codacy/tools/pmd@7.11.0/pmd-bin-7.11.0/bin/pmd
2025-09-18T09:50:22-03:00 [DEBUG] (codacy-cli-v2/tools/pmdRunner.go:98) Setting up Java environment javaHome=/root/.cache/codacy/runtimes/jdk-17.0.10+7
2025-09-18T09:50:22-03:00 [DEBUG] (codacy-cli-v2/tools/pmdRunner.go:144) Updated environment variables javaBinary=/root/.cache/codacy/runtimes/jdk-17.0.10+7/bin/java javaHome=JAVA_HOME=/root/.cache/codacy/runtimes/jdk-17.0.10+7 path=PATH=/root/.cache/codacy/runtimes/jdk-17.0.10+7/bin:/usr/local/sbin:/usr/local/bin:/usr/sbin:/usr/bin:/sbin:/bin:/usr/games:/usr/local/games:/usr/lib/wsl/lib:/mnt/c/WINDOWS/system32:/mnt/c/WINDOWS:/mnt/c/WINDOWS/System32/Wbem:/mnt/c/WINDOWS/System32/WindowsPowerShell/v1.0/:/mnt/c/WINDOWS/System32/OpenSSH/:/mnt/c/Program Files/Git/cmd:/mnt/c/Users/mzfsh/AppData/Local/Microsoft/WindowsApps:/mnt/c/Users/mzfsh/AppData/Local/GitHubDesktop/bin:/mnt/c/Users/mzfsh/AppData/Local/Programs/Microsoft VS Code/bin:/mnt/c/Users/mzfsh/AppData/Local/Microsoft/WindowsApps binDir=/root/.cache/codacy/runtimes/jdk-17.0.10+7/bin
2025-09-18T09:50:22-03:00 [DEBUG] (codacy-cli-v2/tools/pmdRunner.go:160) Running PMD command command=/root/.cache/codacy/tools/pmd@7.11.0/pmd-bin-7.11.0/bin/pmd check --no-fail-on-violation -R .codacy/tools-configs/ruleset.xml -d /mnt/d/Rede/Github/Park-dos-Lagos/website/wp-content/themes/park-dos-lagos/js/read-more.js -f sarif -r /tmp/codacy-analysis-85786193/pmd.sarif
2025-09-18T09:50:28-03:00 [INFO] (codacy-cli-v2/cmd/analyze.go:341) Config file found for tool tool=semgrep toolConfigPath=.codacy/tools-configs/semgrep.yaml
2025-09-18T09:50:46-03:00 [INFO] (codacy-cli-v2/cmd/analyze.go:341) Config file found for tool tool=trivy toolConfigPath=.codacy/tools-configs/trivy.yaml
2025-09-18T09:50:46-03:00 [INFO] (codacy-cli-v2/cmd/analyze.go:341) Config file found for tool tool=eslint toolConfigPath=.codacy/tools-configs/eslint.config.mjs
